 
****************************************
Report : clocks
Design : SYS_TOP
Version: K-2015.06
Date   : Mon Oct  2 21:07:32 2023
****************************************

Attributes:
    d - dont_touch_network
    f - fix_hold
    p - propagated_clock
    G - generated_clock
    g - lib_generated_clock

Clock          Period   Waveform            Attrs     Sources
--------------------------------------------------------------------------------
ALU_CLK         10.00   {0 5}               G         {clk_gating_unit/GATED_CLK}
REF_CLK         10.00   {0 5}                         {REF_CLK}
UART_CLK       271.27   {0 135.633}                   {UART_CLK}
UART_RX_CLK    271.27   {0 135.633}         G         {rx_clk_div/o_div_clk}
UART_TX_CLK   8680.54   {0 4340.27}         G         {tx_clk_div/o_div_clk}
--------------------------------------------------------------------------------

Generated     Master         Generated      Master         Waveform
Clock         Source         Source         Clock          Modification
--------------------------------------------------------------------------------
ALU_CLK       REF_CLK        {clk_gating_unit/GATED_CLK}
                                            REF_CLK        divide_by(1)
UART_RX_CLK   UART_CLK       {rx_clk_div/o_div_clk}
                                            UART_CLK       divide_by(1)
UART_TX_CLK   UART_CLK       {tx_clk_div/o_div_clk}
                                            UART_CLK       divide_by(32)
--------------------------------------------------------------------------------
1
